<?xml version="1.0" encoding="UTF-8"?>
<!-- Generated by org.testng.reporters.JUnitReportReporter -->
<testsuite hostname="DESKTOP-4G6V73A" failures="0" tests="1" name="com.saucedemo.TestLayer.ProductPageTest" time="0.295" errors="0" timestamp="2023-07-14T09:14:09 IST" skipped="0">
  <testcase classname="com.saucedemo.TestLayer.ProductPageTest" name="validateProductOrder" time="0.295"/>
  <system-out/>
</testsuite> <!-- com.saucedemo.TestLayer.ProductPageTest -->
